<?xml version="1.0" encoding="UTF-8"?>
<testng-results ignored="0" total="2" passed="2" failed="0" skipped="0">
  <reporter-output>
  </reporter-output>
  <suite started-at="2024-05-02T17:29:47 IST" name="Suite" finished-at="2024-05-02T17:34:20 IST" duration-ms="273508">
    <groups>
      <group name="regression">
        <method signature="TC_001_AccountRegistrationTest.verify_account_registration()[pri:0, instance:testCases.TC_001_AccountRegistrationTest@278bb07e]" name="verify_account_registration" class="testCases.TC_001_AccountRegistrationTest"/>
      </group> <!-- regression -->
      <group name="sanity">
        <method signature="TC_002_LoginTest.verify_Login_Test()[pri:0, instance:testCases.TC_002_LoginTest@625abb97]" name="verify_Login_Test" class="testCases.TC_002_LoginTest"/>
      </group> <!-- sanity -->
      <group name="master">
        <method signature="TC_001_AccountRegistrationTest.verify_account_registration()[pri:0, instance:testCases.TC_001_AccountRegistrationTest@278bb07e]" name="verify_account_registration" class="testCases.TC_001_AccountRegistrationTest"/>
        <method signature="TC_002_LoginTest.verify_Login_Test()[pri:0, instance:testCases.TC_002_LoginTest@625abb97]" name="verify_Login_Test" class="testCases.TC_002_LoginTest"/>
      </group> <!-- master -->
    </groups>
    <test started-at="2024-05-02T17:29:47 IST" name="Test" finished-at="2024-05-02T17:34:20 IST" duration-ms="273508">
      <class name="testCases.TC_001_AccountRegistrationTest">
        <test-method is-config="true" signature="setup(java.lang.String,java.lang.String)[pri:0, instance:testCases.TC_001_AccountRegistrationTest@278bb07e]" started-at="2024-05-02T17:29:49 IST" name="setup" finished-at="2024-05-02T17:32:11 IST" duration-ms="142024" status="PASS">
          <params>
            <param index="0">
              <value>
                <![CDATA[windows]]>
              </value>
            </param>
            <param index="1">
              <value>
                <![CDATA[chrome]]>
              </value>
            </param>
          </params>
          <reporter-output>
          </reporter-output>
        </test-method> <!-- setup -->
        <test-method signature="verify_account_registration()[pri:0, instance:testCases.TC_001_AccountRegistrationTest@278bb07e]" started-at="2024-05-02T17:32:14 IST" name="verify_account_registration" finished-at="2024-05-02T17:32:54 IST" duration-ms="39470" status="PASS">
          <reporter-output>
          </reporter-output>
        </test-method> <!-- verify_account_registration -->
      </class> <!-- testCases.TC_001_AccountRegistrationTest -->
      <class name="testCases.TC_002_LoginTest">
        <test-method is-config="true" signature="setup(java.lang.String,java.lang.String)[pri:0, instance:testCases.TC_002_LoginTest@625abb97]" started-at="2024-05-02T17:32:54 IST" name="setup" finished-at="2024-05-02T17:33:56 IST" duration-ms="61341" status="PASS">
          <params>
            <param index="0">
              <value>
                <![CDATA[windows]]>
              </value>
            </param>
            <param index="1">
              <value>
                <![CDATA[chrome]]>
              </value>
            </param>
          </params>
          <reporter-output>
          </reporter-output>
        </test-method> <!-- setup -->
        <test-method signature="verify_Login_Test()[pri:0, instance:testCases.TC_002_LoginTest@625abb97]" started-at="2024-05-02T17:33:56 IST" name="verify_Login_Test" finished-at="2024-05-02T17:34:20 IST" duration-ms="24525" status="PASS">
          <reporter-output>
          </reporter-output>
        </test-method> <!-- verify_Login_Test -->
      </class> <!-- testCases.TC_002_LoginTest -->
    </test> <!-- Test -->
  </suite> <!-- Suite -->
</testng-results>
